/root/LLPETM/trading/strategy/trade_engine.cpp:57 TradeEngine() Wed Jan 17 18:55:03 2024 Initialized MAKER Ticker:0 TradeEngineCfg{clip:2100 thresh:0.4 risk:RiskCfg{max-order-size:2150 max-position:2300 max-loss:-1100}}.
/root/LLPETM/trading/strategy/trade_engine.cpp:57 TradeEngine() Wed Jan 17 18:55:03 2024 Initialized MAKER Ticker:1 TradeEngineCfg{clip:260 thresh:0.8 risk:RiskCfg{max-order-size:2150 max-position:2300 max-loss:-1100}}.
/root/LLPETM/trading/strategy/trade_engine.cpp:57 TradeEngine() Wed Jan 17 18:55:03 2024 Initialized MAKER Ticker:2 TradeEngineCfg{clip:2150 thresh:0.2 risk:RiskCfg{max-order-size:2250 max-position:2600 max-loss:-1100}}.
/root/LLPETM/trading/strategy/trade_engine.cpp:57 TradeEngine() Wed Jan 17 18:55:03 2024 Initialized MAKER Ticker:3 TradeEngineCfg{clip:2200 thresh:0.6 risk:RiskCfg{max-order-size:2500 max-position:23000 max-loss:-1100}}.
/root/LLPETM/trading/strategy/trade_engine.cpp:57 TradeEngine() Wed Jan 17 18:55:03 2024 Initialized MAKER Ticker:4 TradeEngineCfg{clip:210 thresh:0.6 risk:RiskCfg{max-order-size:2500 max-position:24000 max-loss:-1100}}.
/root/LLPETM/trading/strategy/trade_engine.cpp:57 TradeEngine() Wed Jan 17 18:55:03 2024 Initialized MAKER Ticker:5 TradeEngineCfg{clip:2300 thresh:0.5 risk:RiskCfg{max-order-size:21500 max-position:23000 max-loss:-1100}}.
/root/LLPETM/trading/strategy/trade_engine.cpp:57 TradeEngine() Wed Jan 17 18:55:03 2024 Initialized MAKER Ticker:6 TradeEngineCfg{clip:250 thresh:0.8 risk:RiskCfg{max-order-size:2150 max-position:2300 max-loss:-1100}}.
/root/LLPETM/trading/strategy/trade_engine.cpp:57 TradeEngine() Wed Jan 17 18:55:03 2024 Initialized MAKER Ticker:7 TradeEngineCfg{clip:2100 thresh:0.3 risk:RiskCfg{max-order-size:2250 max-position:2300 max-loss:-1100}}.
/root/LLPETM/trading/strategy/trade_engine.cpp:113 run() Wed Jan 17 18:55:03 2024
/root/LLPETM/trading/strategy/trade_engine.h:66 stop() Wed Jan 17 18:56:19 2024 POSITIONS
TickerId:0 Position{pos:0 u-pnl:0 r-pnl:0 t-pnl:0 vol:0 vwaps:[0X0] }
TickerId:1 Position{pos:0 u-pnl:0 r-pnl:0 t-pnl:0 vol:0 vwaps:[0X0] }
TickerId:2 Position{pos:0 u-pnl:0 r-pnl:0 t-pnl:0 vol:0 vwaps:[0X0] }
TickerId:3 Position{pos:0 u-pnl:0 r-pnl:0 t-pnl:0 vol:0 vwaps:[0X0] }
TickerId:4 Position{pos:0 u-pnl:0 r-pnl:0 t-pnl:0 vol:0 vwaps:[0X0] }
TickerId:5 Position{pos:0 u-pnl:0 r-pnl:0 t-pnl:0 vol:0 vwaps:[0X0] }
TickerId:6 Position{pos:0 u-pnl:0 r-pnl:0 t-pnl:0 vol:0 vwaps:[0X0] }
TickerId:7 Position{pos:0 u-pnl:0 r-pnl:0 t-pnl:0 vol:0 vwaps:[0X0] }
Total PnL:0 Vol:0

/root/LLPETM/trading/strategy/market_order_book.cpp:23 ~MarketOrderBook() Wed Jan 17 18:56:30 2024 OrderBook
Ticker:0

                          X


/root/LLPETM/trading/strategy/market_order_book.cpp:23 ~MarketOrderBook() Wed Jan 17 18:56:30 2024 OrderBook
Ticker:1

                          X


/root/LLPETM/trading/strategy/market_order_book.cpp:23 ~MarketOrderBook() Wed Jan 17 18:56:30 2024 OrderBook
Ticker:2

                          X


/root/LLPETM/trading/strategy/market_order_book.cpp:23 ~MarketOrderBook() Wed Jan 17 18:56:30 2024 OrderBook
Ticker:3

                          X


/root/LLPETM/trading/strategy/market_order_book.cpp:23 ~MarketOrderBook() Wed Jan 17 18:56:30 2024 OrderBook
Ticker:4

                          X


/root/LLPETM/trading/strategy/market_order_book.cpp:23 ~MarketOrderBook() Wed Jan 17 18:56:30 2024 OrderBook
Ticker:5

                          X


/root/LLPETM/trading/strategy/market_order_book.cpp:23 ~MarketOrderBook() Wed Jan 17 18:56:30 2024 OrderBook
Ticker:6

                          X


/root/LLPETM/trading/strategy/market_order_book.cpp:23 ~MarketOrderBook() Wed Jan 17 18:56:30 2024 OrderBook
Ticker:7

                          X


