/root/LLPETM/trading/strategy/trade_engine.cpp:57 TradeEngine() Wed Jan 17 18:54:58 2024 Initialized MAKER Ticker:0 TradeEngineCfg{clip:100 thresh:0.6 risk:RiskCfg{max-order-size:150 max-position:300 max-loss:-100}}.
/root/LLPETM/trading/strategy/trade_engine.cpp:57 TradeEngine() Wed Jan 17 18:54:58 2024 Initialized MAKER Ticker:1 TradeEngineCfg{clip:60 thresh:0.6 risk:RiskCfg{max-order-size:150 max-position:300 max-loss:-100}}.
/root/LLPETM/trading/strategy/trade_engine.cpp:57 TradeEngine() Wed Jan 17 18:54:58 2024 Initialized MAKER Ticker:2 TradeEngineCfg{clip:150 thresh:0.5 risk:RiskCfg{max-order-size:250 max-position:600 max-loss:-100}}.
/root/LLPETM/trading/strategy/trade_engine.cpp:57 TradeEngine() Wed Jan 17 18:54:58 2024 Initialized MAKER Ticker:3 TradeEngineCfg{clip:200 thresh:0.4 risk:RiskCfg{max-order-size:500 max-position:3000 max-loss:-100}}.
/root/LLPETM/trading/strategy/trade_engine.cpp:57 TradeEngine() Wed Jan 17 18:54:58 2024 Initialized MAKER Ticker:4 TradeEngineCfg{clip:1000 thresh:0.9 risk:RiskCfg{max-order-size:5000 max-position:4000 max-loss:-100}}.
/root/LLPETM/trading/strategy/trade_engine.cpp:57 TradeEngine() Wed Jan 17 18:54:58 2024 Initialized MAKER Ticker:5 TradeEngineCfg{clip:300 thresh:0.8 risk:RiskCfg{max-order-size:1500 max-position:3000 max-loss:-100}}.
/root/LLPETM/trading/strategy/trade_engine.cpp:57 TradeEngine() Wed Jan 17 18:54:58 2024 Initialized MAKER Ticker:6 TradeEngineCfg{clip:50 thresh:0.7 risk:RiskCfg{max-order-size:150 max-position:300 max-loss:-100}}.
/root/LLPETM/trading/strategy/trade_engine.cpp:57 TradeEngine() Wed Jan 17 18:54:58 2024 Initialized MAKER Ticker:7 TradeEngineCfg{clip:100 thresh:0.3 risk:RiskCfg{max-order-size:250 max-position:300 max-loss:-100}}.
/root/LLPETM/trading/strategy/trade_engine.cpp:113 run() Wed Jan 17 18:54:58 2024
/root/LLPETM/trading/strategy/trade_engine.h:66 stop() Wed Jan 17 18:56:15 2024 POSITIONS
TickerId:0 Position{pos:0 u-pnl:0 r-pnl:0 t-pnl:0 vol:0 vwaps:[0X0] }
TickerId:1 Position{pos:0 u-pnl:0 r-pnl:0 t-pnl:0 vol:0 vwaps:[0X0] }
TickerId:2 Position{pos:0 u-pnl:0 r-pnl:0 t-pnl:0 vol:0 vwaps:[0X0] }
TickerId:3 Position{pos:0 u-pnl:0 r-pnl:0 t-pnl:0 vol:0 vwaps:[0X0] }
TickerId:4 Position{pos:0 u-pnl:0 r-pnl:0 t-pnl:0 vol:0 vwaps:[0X0] }
TickerId:5 Position{pos:0 u-pnl:0 r-pnl:0 t-pnl:0 vol:0 vwaps:[0X0] }
TickerId:6 Position{pos:0 u-pnl:0 r-pnl:0 t-pnl:0 vol:0 vwaps:[0X0] }
TickerId:7 Position{pos:0 u-pnl:0 r-pnl:0 t-pnl:0 vol:0 vwaps:[0X0] }
Total PnL:0 Vol:0

/root/LLPETM/trading/strategy/market_order_book.cpp:23 ~MarketOrderBook() Wed Jan 17 18:56:26 2024 OrderBook
Ticker:0

                          X


/root/LLPETM/trading/strategy/market_order_book.cpp:23 ~MarketOrderBook() Wed Jan 17 18:56:26 2024 OrderBook
Ticker:1

                          X


/root/LLPETM/trading/strategy/market_order_book.cpp:23 ~MarketOrderBook() Wed Jan 17 18:56:26 2024 OrderBook
Ticker:2

                          X


/root/LLPETM/trading/strategy/market_order_book.cpp:23 ~MarketOrderBook() Wed Jan 17 18:56:26 2024 OrderBook
Ticker:3

                          X


/root/LLPETM/trading/strategy/market_order_book.cpp:23 ~MarketOrderBook() Wed Jan 17 18:56:26 2024 OrderBook
Ticker:4

                          X


/root/LLPETM/trading/strategy/market_order_book.cpp:23 ~MarketOrderBook() Wed Jan 17 18:56:26 2024 OrderBook
Ticker:5

                          X


/root/LLPETM/trading/strategy/market_order_book.cpp:23 ~MarketOrderBook() Wed Jan 17 18:56:26 2024 OrderBook
Ticker:6

                          X


/root/LLPETM/trading/strategy/market_order_book.cpp:23 ~MarketOrderBook() Wed Jan 17 18:56:26 2024 OrderBook
Ticker:7

                          X


